mode: set
github.com/joey1123455/squad-go/payments.go:49.153,51.21 1 1
github.com/joey1123455/squad-go/payments.go:51.21,53.3 1 1
github.com/joey1123455/squad-go/payments.go:54.2,56.9 3 1
github.com/joey1123455/squad-go/payments.go:57.46,58.58 1 1
github.com/joey1123455/squad-go/payments.go:59.19,60.51 1 1
github.com/joey1123455/squad-go/payments.go:61.16,62.60 1 1
github.com/joey1123455/squad-go/payments.go:65.2,75.15 2 1
github.com/joey1123455/squad-go/payments.go:75.15,77.3 1 0
github.com/joey1123455/squad-go/payments.go:78.2,78.28 1 1
github.com/joey1123455/squad-go/payments.go:78.28,80.3 1 0
github.com/joey1123455/squad-go/payments.go:81.2,81.17 1 1
github.com/joey1123455/squad-go/payments.go:81.17,83.3 1 0
github.com/joey1123455/squad-go/payments.go:85.2,86.16 2 1
github.com/joey1123455/squad-go/payments.go:86.16,88.3 1 0
github.com/joey1123455/squad-go/payments.go:89.2,89.17 1 1
github.com/joey1123455/squad-go/payments.go:97.53,99.2 1 1
github.com/joey1123455/squad-go/payments.go:108.63,114.12 2 1
github.com/joey1123455/squad-go/payments.go:114.12,116.3 1 1
github.com/joey1123455/squad-go/payments.go:117.2,117.28 1 1
github.com/joey1123455/squad-go/squad.go:37.74,40.9 1 1
github.com/joey1123455/squad-go/squad.go:41.18,42.60 1 1
github.com/joey1123455/squad-go/squad.go:43.30,44.103 1 1
github.com/joey1123455/squad-go/squad.go:45.17,46.53 1 1
github.com/joey1123455/squad-go/squad.go:47.54,48.82 1 1
github.com/joey1123455/squad-go/squad.go:49.45,50.69 1 1
github.com/joey1123455/squad-go/squad.go:53.2,58.8 1 1
github.com/joey1123455/squad-go/squad.go:66.88,74.2 1 1
