mode: set
github.com/joey1123455/squad-go/utils/complete_url.go:3.53,9.10 2 1
github.com/joey1123455/squad-go/utils/complete_url.go:9.10,11.3 1 1
github.com/joey1123455/squad-go/utils/complete_url.go:12.2,12.28 1 1
github.com/joey1123455/squad-go/utils/input_validation.go:10.36,13.2 2 1
github.com/joey1123455/squad-go/utils/input_validation.go:15.53,24.2 3 1
github.com/joey1123455/squad-go/utils/input_validation.go:26.38,29.2 2 1
github.com/joey1123455/squad-go/utils/input_validation.go:31.42,40.2 3 1
github.com/joey1123455/squad-go/utils/input_validation.go:42.62,51.2 3 1
github.com/joey1123455/squad-go/utils/input_validation.go:53.50,62.2 3 1
github.com/joey1123455/squad-go/utils/input_validation.go:64.36,73.2 3 1
github.com/joey1123455/squad-go/utils/requets.go:12.80,14.16 2 1
github.com/joey1123455/squad-go/utils/requets.go:14.16,16.3 1 0
github.com/joey1123455/squad-go/utils/requets.go:19.2,20.16 2 1
github.com/joey1123455/squad-go/utils/requets.go:20.16,22.3 1 0
github.com/joey1123455/squad-go/utils/requets.go:25.2,31.16 5 1
github.com/joey1123455/squad-go/utils/requets.go:31.16,33.3 1 1
github.com/joey1123455/squad-go/utils/requets.go:34.2,37.16 3 1
github.com/joey1123455/squad-go/utils/requets.go:37.16,39.3 1 0
github.com/joey1123455/squad-go/utils/requets.go:41.2,43.16 3 1
github.com/joey1123455/squad-go/utils/requets.go:43.16,45.3 1 0
github.com/joey1123455/squad-go/utils/requets.go:47.2,47.23 1 1
github.com/joey1123455/squad-go/utils/requets.go:50.98,53.16 2 1
github.com/joey1123455/squad-go/utils/requets.go:53.16,55.3 1 0
github.com/joey1123455/squad-go/utils/requets.go:57.2,57.20 1 1
github.com/joey1123455/squad-go/utils/requets.go:57.20,59.35 2 1
github.com/joey1123455/squad-go/utils/requets.go:59.35,61.4 1 1
github.com/joey1123455/squad-go/utils/requets.go:63.3,63.30 1 1
github.com/joey1123455/squad-go/utils/requets.go:67.2,68.16 2 1
github.com/joey1123455/squad-go/utils/requets.go:68.16,70.3 1 0
github.com/joey1123455/squad-go/utils/requets.go:73.2,79.16 5 1
github.com/joey1123455/squad-go/utils/requets.go:79.16,81.3 1 0
github.com/joey1123455/squad-go/utils/requets.go:82.2,85.16 3 1
github.com/joey1123455/squad-go/utils/requets.go:85.16,87.3 1 0
github.com/joey1123455/squad-go/utils/requets.go:89.2,91.16 3 1
github.com/joey1123455/squad-go/utils/requets.go:91.16,93.3 1 0
github.com/joey1123455/squad-go/utils/requets.go:95.2,95.23 1 1
github.com/joey1123455/squad-go/payments.go:53.153,54.21 1 1
github.com/joey1123455/squad-go/payments.go:54.21,56.3 1 1
github.com/joey1123455/squad-go/payments.go:57.2,59.9 3 1
github.com/joey1123455/squad-go/payments.go:60.46,61.58 1 1
github.com/joey1123455/squad-go/payments.go:62.19,63.51 1 1
github.com/joey1123455/squad-go/payments.go:64.16,65.60 1 1
github.com/joey1123455/squad-go/payments.go:68.2,78.15 2 1
github.com/joey1123455/squad-go/payments.go:78.15,80.3 1 0
github.com/joey1123455/squad-go/payments.go:81.2,81.28 1 1
github.com/joey1123455/squad-go/payments.go:81.28,83.3 1 0
github.com/joey1123455/squad-go/payments.go:84.2,84.17 1 1
github.com/joey1123455/squad-go/payments.go:84.17,86.3 1 0
github.com/joey1123455/squad-go/payments.go:88.2,89.16 2 1
github.com/joey1123455/squad-go/payments.go:89.16,91.3 1 0
github.com/joey1123455/squad-go/payments.go:92.2,92.17 1 1
github.com/joey1123455/squad-go/payments.go:100.53,102.2 1 1
github.com/joey1123455/squad-go/squad.go:39.74,42.9 1 1
github.com/joey1123455/squad-go/squad.go:43.18,44.60 1 1
github.com/joey1123455/squad-go/squad.go:45.30,46.103 1 1
github.com/joey1123455/squad-go/squad.go:47.17,48.53 1 1
github.com/joey1123455/squad-go/squad.go:49.54,50.82 1 1
github.com/joey1123455/squad-go/squad.go:51.45,52.69 1 1
github.com/joey1123455/squad-go/squad.go:55.2,60.8 1 1
github.com/joey1123455/squad-go/squad.go:68.88,77.2 1 1
github.com/joey1123455/squad-go/squad.go:89.103,91.9 1 1
github.com/joey1123455/squad-go/squad.go:92.16,93.53 1 1
github.com/joey1123455/squad-go/squad.go:94.18,95.58 1 1
github.com/joey1123455/squad-go/squad.go:96.38,97.67 1 1
github.com/joey1123455/squad-go/squad.go:98.45,99.52 1 1
github.com/joey1123455/squad-go/squad.go:100.48,101.63 1 1
github.com/joey1123455/squad-go/squad.go:104.2,113.8 1 1
github.com/joey1123455/squad-go/squad.go:130.171,132.9 1 1
github.com/joey1123455/squad-go/squad.go:133.24,134.53 1 1
github.com/joey1123455/squad-go/squad.go:135.23,136.54 1 1
github.com/joey1123455/squad-go/squad.go:137.22,138.53 1 1
github.com/joey1123455/squad-go/squad.go:139.51,140.52 1 1
github.com/joey1123455/squad-go/squad.go:141.34,142.50 1 1
github.com/joey1123455/squad-go/squad.go:143.38,144.50 1 0
github.com/joey1123455/squad-go/squad.go:145.21,146.60 1 1
github.com/joey1123455/squad-go/squad.go:147.38,148.76 1 1
github.com/joey1123455/squad-go/squad.go:149.59,150.63 1 1
github.com/joey1123455/squad-go/squad.go:151.38,152.67 1 1
github.com/joey1123455/squad-go/squad.go:155.2,169.8 1 1
github.com/joey1123455/squad-go/squad.go:177.73,180.2 2 1
github.com/joey1123455/squad-go/virtual_account.go:108.93,109.9 1 1
github.com/joey1123455/squad-go/virtual_account.go:110.48,111.47 1 1
github.com/joey1123455/squad-go/virtual_account.go:112.18,113.58 1 1
github.com/joey1123455/squad-go/virtual_account.go:114.57,115.82 1 1
github.com/joey1123455/squad-go/virtual_account.go:116.48,117.69 1 1
github.com/joey1123455/squad-go/virtual_account.go:119.2,123.89 2 1
github.com/joey1123455/squad-go/virtual_account.go:133.102,135.9 1 1
github.com/joey1123455/squad-go/virtual_account.go:136.16,137.66 1 1
github.com/joey1123455/squad-go/virtual_account.go:138.19,139.69 1 1
github.com/joey1123455/squad-go/virtual_account.go:140.57,141.82 1 1
github.com/joey1123455/squad-go/virtual_account.go:142.48,143.69 1 1
github.com/joey1123455/squad-go/virtual_account.go:146.2,146.159 1 1
github.com/joey1123455/squad-go/virtual_account.go:159.87,161.9 1 1
github.com/joey1123455/squad-go/virtual_account.go:162.57,163.82 1 1
github.com/joey1123455/squad-go/virtual_account.go:164.48,165.69 1 1
github.com/joey1123455/squad-go/virtual_account.go:167.2,167.97 1 1
github.com/joey1123455/squad-go/virtual_account.go:186.111,192.28 2 1
github.com/joey1123455/squad-go/virtual_account.go:192.28,193.10 1 1
github.com/joey1123455/squad-go/virtual_account.go:194.37,195.22 1 1
github.com/joey1123455/squad-go/virtual_account.go:196.16,197.22 1 1
github.com/joey1123455/squad-go/virtual_account.go:198.19,199.35 1 0
github.com/joey1123455/squad-go/virtual_account.go:204.2,204.9 1 1
github.com/joey1123455/squad-go/virtual_account.go:205.57,206.82 1 1
github.com/joey1123455/squad-go/virtual_account.go:207.48,208.69 1 1
github.com/joey1123455/squad-go/virtual_account.go:209.25,210.109 1 1
github.com/joey1123455/squad-go/virtual_account.go:212.2,212.112 1 1
github.com/joey1123455/squad-go/virtual_account.go:220.78,221.9 1 1
github.com/joey1123455/squad-go/virtual_account.go:222.57,223.82 1 1
github.com/joey1123455/squad-go/virtual_account.go:224.48,225.69 1 1
github.com/joey1123455/squad-go/virtual_account.go:227.2,227.98 1 1
github.com/joey1123455/squad-go/virtual_account.go:235.67,244.16 3 1
github.com/joey1123455/squad-go/virtual_account.go:244.16,246.3 1 0
github.com/joey1123455/squad-go/virtual_account.go:247.2,247.16 1 1
github.com/joey1123455/squad-go/virtual_account.go:247.16,249.3 1 0
github.com/joey1123455/squad-go/virtual_account.go:250.2,251.9 2 1
github.com/joey1123455/squad-go/virtual_account.go:251.9,253.3 1 0
github.com/joey1123455/squad-go/virtual_account.go:254.2,255.9 2 1
github.com/joey1123455/squad-go/virtual_account.go:255.9,257.3 1 0
github.com/joey1123455/squad-go/virtual_account.go:258.2,260.8 2 1
github.com/joey1123455/squad-go/virtual_account.go:266.73,268.2 1 1
github.com/joey1123455/squad-go/virtual_account.go:273.65,275.2 1 1
github.com/joey1123455/squad-go/virtual_account.go:280.72,282.2 1 1
github.com/joey1123455/squad-go/virtual_account.go:289.66,303.16 3 1
github.com/joey1123455/squad-go/virtual_account.go:303.16,305.3 1 0
github.com/joey1123455/squad-go/virtual_account.go:306.2,307.9 2 1
github.com/joey1123455/squad-go/virtual_account.go:307.9,309.3 1 0
github.com/joey1123455/squad-go/virtual_account.go:310.2,311.9 2 1
github.com/joey1123455/squad-go/virtual_account.go:311.9,313.3 1 0
github.com/joey1123455/squad-go/virtual_account.go:314.2,316.8 2 1
github.com/joey1123455/squad-go/virtual_account.go:322.72,325.2 1 1
github.com/joey1123455/squad-go/virtual_account.go:330.64,332.2 1 1
github.com/joey1123455/squad-go/virtual_account.go:337.71,339.2 1 1
